2026-03-31 18:24:31 | INFO     | quant_us.db.init:49 - [DB 초기화] 시작: PostgreSQL
2026-03-31 18:26:03 | INFO     | quant_us.db.init:49 - [DB 초기화] 시작: PostgreSQL
2026-03-31 18:27:24 | INFO     | portfolio.state:71 - [Drift 계산] 시작: 2026-03-31
2026-03-31 18:27:24 | WARNING  | portfolio.state:76 - [Drift 계산] 이전 상태 없음 → Drift = 0 반환
2026-03-31 18:27:26 | ERROR    | portfolio.state:304 - [PortfolioState 저장] 실패: connection to server at "127.0.0.1", port 5433 failed: Connection refused (0x0000274D/10061)
	Is the server running on that host and accepting TCP/IP connections?

2026-03-31 18:27:28 | ERROR    | portfolio.state:304 - [PortfolioState 저장] 실패: connection to server at "127.0.0.1", port 5433 failed: Connection refused (0x0000274D/10061)
	Is the server running on that host and accepting TCP/IP connections?

2026-03-31 18:27:30 | ERROR    | portfolio.state:304 - [PortfolioState 저장] 실패: connection to server at "127.0.0.1", port 5433 failed: Connection refused (0x0000274D/10061)
	Is the server running on that host and accepting TCP/IP connections?

2026-03-31 18:27:30 | WARNING  | portfolio.state:172 - [Holdings] 2026-03-31에 저장된 상태 없음
2026-03-31 18:27:33 | ERROR    | portfolio.state:304 - [PortfolioState 저장] 실패: connection to server at "127.0.0.1", port 5433 failed: Connection refused (0x0000274D/10061)
	Is the server running on that host and accepting TCP/IP connections?

2026-03-31 18:27:33 | INFO     | portfolio.state:71 - [Drift 계산] 시작: 2026-03-31
2026-03-31 18:27:33 | WARNING  | portfolio.state:76 - [Drift 계산] 이전 상태 없음 → Drift = 0 반환
2026-03-31 18:27:35 | ERROR    | portfolio.state:304 - [PortfolioState 저장] 실패: connection to server at "127.0.0.1", port 5433 failed: Connection refused (0x0000274D/10061)
	Is the server running on that host and accepting TCP/IP connections?

2026-03-31 18:27:35 | INFO     | portfolio.state:71 - [Drift 계산] 시작: 2026-03-31
2026-03-31 18:27:35 | WARNING  | portfolio.state:76 - [Drift 계산] 이전 상태 없음 → Drift = 0 반환
2026-03-31 18:29:15 | INFO     | quant_us.db.init:49 - [DB 초기화] 시작: PostgreSQL
2026-03-31 18:29:15 | INFO     | quant_us.db.init:224 - [DB 초기화] 완료: PostgreSQL 스키마 8개 테이블 생성
2026-03-31 18:29:22 | INFO     | portfolio.state:71 - [Drift 계산] 시작: 2026-03-31
2026-03-31 18:29:22 | WARNING  | portfolio.state:76 - [Drift 계산] 이전 상태 없음 → Drift = 0 반환
2026-03-31 18:29:22 | INFO     | portfolio.state:297 - [PortfolioState 저장] 2026-03-30: 종목=10개, 리밸런싱=NO (manual)
2026-03-31 18:29:22 | INFO     | portfolio.state:71 - [Drift 계산] 시작: 2026-03-31
2026-03-31 18:29:22 | WARNING  | portfolio.state:76 - [Drift 계산] 이전 상태 없음 → Drift = 0 반환
2026-03-31 18:29:22 | INFO     | portfolio.state:297 - [PortfolioState 저장] 2026-03-29: 종목=10개, 리밸런싱=NO (manual)
2026-03-31 18:29:22 | INFO     | portfolio.state:71 - [Drift 계산] 시작: 2026-03-30
2026-03-31 18:29:22 | WARNING  | portfolio.state:76 - [Drift 계산] 이전 상태 없음 → Drift = 0 반환
2026-03-31 18:29:22 | INFO     | portfolio.state:297 - [PortfolioState 저장] 2026-03-31: 종목=10개, 리밸런싱=YES (drift)
2026-03-31 18:29:22 | WARNING  | portfolio.state:172 - [Holdings] 2026-03-31에 저장된 상태 없음
2026-03-31 18:29:23 | INFO     | portfolio.state:297 - [PortfolioState 저장] 2026-03-29: 종목=10개, 리밸런싱=NO (manual)
2026-03-31 18:29:23 | INFO     | portfolio.state:71 - [Drift 계산] 시작: 2026-03-30
2026-03-31 18:29:23 | WARNING  | portfolio.state:76 - [Drift 계산] 이전 상태 없음 → Drift = 0 반환
2026-03-31 18:29:23 | INFO     | portfolio.state:71 - [Drift 계산] 시작: 2026-03-31
2026-03-31 18:29:23 | WARNING  | portfolio.state:76 - [Drift 계산] 이전 상태 없음 → Drift = 0 반환
2026-03-31 18:29:23 | INFO     | portfolio.state:297 - [PortfolioState 저장] 2026-03-30: 종목=10개, 리밸런싱=NO (monthly)
2026-03-31 18:29:23 | INFO     | portfolio.state:71 - [Drift 계산] 시작: 2026-03-31
2026-03-31 18:29:23 | WARNING  | portfolio.state:76 - [Drift 계산] 이전 상태 없음 → Drift = 0 반환
2026-03-31 18:29:23 | ERROR    | portfolio.state:304 - [PortfolioState 저장] 실패: new row for relation "portfolio_state" violates check constraint "portfolio_state_rebalance_reason_check"
DETAIL:  Failing row contains (2026-03-31, 50000, 26505.7, 23494.3, {"PG": {"value": 2472.0, "shares": 15, "target": 0.05, "current"..., null, f, skipped, 2026-03-31 09:29:23.403858+00).

2026-03-31 18:29:23 | INFO     | portfolio.state:71 - [Drift 계산] 시작: 2026-03-31
2026-03-31 18:29:23 | WARNING  | portfolio.state:76 - [Drift 계산] 이전 상태 없음 → Drift = 0 반환
2026-03-31 18:30:13 | INFO     | portfolio.state:71 - [Drift 계산] 시작: 2026-03-31
2026-03-31 18:30:13 | WARNING  | portfolio.state:76 - [Drift 계산] 이전 상태 없음 → Drift = 0 반환
2026-03-31 18:30:13 | INFO     | portfolio.state:297 - [PortfolioState 저장] 2026-03-30: 종목=10개, 리밸런싱=NO (manual)
2026-03-31 18:30:13 | INFO     | portfolio.state:71 - [Drift 계산] 시작: 2026-03-31
2026-03-31 18:30:13 | WARNING  | portfolio.state:76 - [Drift 계산] 이전 상태 없음 → Drift = 0 반환
2026-03-31 18:30:14 | INFO     | portfolio.state:297 - [PortfolioState 저장] 2026-03-29: 종목=10개, 리밸런싱=NO (manual)
2026-03-31 18:30:14 | INFO     | portfolio.state:71 - [Drift 계산] 시작: 2026-03-30
2026-03-31 18:30:14 | WARNING  | portfolio.state:76 - [Drift 계산] 이전 상태 없음 → Drift = 0 반환
2026-03-31 18:30:14 | INFO     | portfolio.state:297 - [PortfolioState 저장] 2026-03-31: 종목=10개, 리밸런싱=YES (drift)
2026-03-31 18:30:14 | WARNING  | portfolio.state:172 - [Holdings] 2026-03-31에 저장된 상태 없음
2026-03-31 18:30:14 | INFO     | portfolio.state:297 - [PortfolioState 저장] 2026-03-29: 종목=10개, 리밸런싱=NO (manual)
2026-03-31 18:30:14 | INFO     | portfolio.state:71 - [Drift 계산] 시작: 2026-03-30
2026-03-31 18:30:14 | WARNING  | portfolio.state:76 - [Drift 계산] 이전 상태 없음 → Drift = 0 반환
2026-03-31 18:30:14 | INFO     | portfolio.state:71 - [Drift 계산] 시작: 2026-03-31
2026-03-31 18:30:14 | WARNING  | portfolio.state:76 - [Drift 계산] 이전 상태 없음 → Drift = 0 반환
2026-03-31 18:30:14 | INFO     | portfolio.state:297 - [PortfolioState 저장] 2026-03-30: 종목=10개, 리밸런싱=NO (monthly)
2026-03-31 18:30:14 | INFO     | portfolio.state:71 - [Drift 계산] 시작: 2026-03-31
2026-03-31 18:30:14 | WARNING  | portfolio.state:76 - [Drift 계산] 이전 상태 없음 → Drift = 0 반환
2026-03-31 18:30:14 | INFO     | portfolio.state:297 - [PortfolioState 저장] 2026-03-31: 종목=10개, 리밸런싱=NO (skipped)
2026-03-31 18:30:15 | INFO     | portfolio.state:71 - [Drift 계산] 시작: 2026-03-31
2026-03-31 18:30:15 | WARNING  | portfolio.state:76 - [Drift 계산] 이전 상태 없음 → Drift = 0 반환
